<?xml version="1.0" encoding="UTF-8"?>
<testng-results skipped="0" failed="0" total="1" passed="1">
  <reporter-output>
  </reporter-output>
  <suite name="Default suite" duration-ms="734" started-at="2018-03-14T05:55:46Z" finished-at="2018-03-14T05:55:46Z">
    <groups>
    </groups>
    <test name="Default test" duration-ms="734" started-at="2018-03-14T05:55:46Z" finished-at="2018-03-14T05:55:46Z">
      <class name="com.epicc.notcar.impl.EAU_DY_ServiceImpl">
        <test-method status="PASS" signature="price()[pri:0, instance:com.epicc.notcar.impl.EAU_DY_ServiceImpl@3ffc5af1]" name="price" duration-ms="719" started-at="2018-03-14T13:55:46Z" finished-at="2018-03-14T13:55:46Z">
          <reporter-output>
          </reporter-output>
        </test-method> <!-- price -->
      </class> <!-- com.epicc.notcar.impl.EAU_DY_ServiceImpl -->
    </test> <!-- Default test -->
  </suite> <!-- Default suite -->
</testng-results>
