<?xml version="1.0" encoding="UTF-8"?>
<!-- Generated by org.testng.reporters.JUnitXMLReporter -->
<testsuite hostname="PC-20171202GOGR" name="Test" tests="1" failures="0" timestamp="14 Mar 2018 09:11:01 GMT" time="9.361" errors="0">
  <testcase name="@AfterTest addResult" time="0.0" classname="com.epicc.notcar.EAU_DY_Test">
    <failure type="java.lang.NullPointerException">
      <![CDATA[java.lang.NullPointerException
	at com.epicc.notcar.EAU_DY_Test.addResult(EAU_DY_Test.java:47)
... Removed 22 stack frames]]>
    </failure>
  </testcase> <!-- @AfterTest addResult -->
  <testcase name="@AfterTest addResult" time="0.0" classname="com.epicc.notcar.EAU_DY_Test">
    <skipped/>
  </testcase> <!-- @AfterTest addResult -->
  <testcase name="price" time="8.6" classname="com.epicc.notcar.TravelInsuranceTest"/>
</testsuite> <!-- Test -->
